# Logfile created on Fri Aug 14 08:24:17 +0100 2009INFO: Mirroring assets from /home/paul/Apps/netstores/parasols/vendor/extensions/upgrade/vendor/spree/vendor/extensions/localization/public to /home/paul/Apps/netstores/parasols/vendor/extensions/upgrade/public
INFO: Mirroring assets from /home/paul/Apps/netstores/parasols/vendor/extensions/upgrade/vendor/spree/vendor/extensions/localization/public to /home/paul/Apps/netstores/parasols/vendor/extensions/upgrade/public
INFO: Mirroring assets from /home/paul/Apps/netstores/parasols/vendor/extensions/upgrade/vendor/spree/vendor/extensions/localization/public to /home/paul/Apps/netstores/parasols/vendor/extensions/upgrade/public
INFO: Loading mail preferences
=========================================================================
ERROR: Something went wrong while loading mail preferences
       Verify you created a default configuration in admin/configurations
=========================================================================
INFO: Loading routes from /home/paul/Apps/netstores/parasols/vendor/extensions/upgrade/vendor/spree/vendor/extensions/localization/config/routes.rb
INFO: Loading routes from /home/paul/Apps/netstores/parasols/vendor/extensions/upgrade/vendor/spree/vendor/extensions/payment_gateway/config/routes.rb
INFO: Mirroring assets from /home/paul/Apps/netstores/parasols/vendor/extensions/upgrade/vendor/spree/vendor/extensions/localization/public to /home/paul/Apps/netstores/parasols/vendor/extensions/upgrade/public
INFO: Loading mail preferences
=========================================================================
ERROR: Something went wrong while loading mail preferences
       Verify you created a default configuration in admin/configurations
=========================================================================
INFO: Loading routes from /home/paul/Apps/netstores/parasols/vendor/extensions/upgrade/vendor/spree/vendor/extensions/localization/config/routes.rb
INFO: Loading routes from /home/paul/Apps/netstores/parasols/vendor/extensions/upgrade/vendor/spree/vendor/extensions/payment_gateway/config/routes.rb
INFO: Mirroring assets from /home/paul/Apps/netstores/parasols/vendor/extensions/upgrade/vendor/spree/vendor/extensions/localization/public to /home/paul/Apps/netstores/parasols/vendor/extensions/upgrade/public
INFO: Mirroring assets from /home/paul/Apps/netstores/parasols/vendor/extensions/upgrade/vendor/spree/vendor/extensions/localization/public to /home/paul/Apps/netstores/parasols/vendor/extensions/upgrade/public
INFO: Mirroring assets from /home/paul/Apps/netstores/parasols/vendor/extensions/upgrade/vendor/spree/vendor/extensions/localization/public to /home/paul/Apps/netstores/parasols/vendor/extensions/upgrade/public
INFO: Mirroring assets from /home/paul/Apps/netstores/parasols/vendor/extensions/upgrade/vendor/spree/vendor/extensions/localization/public to /home/paul/Apps/netstores/parasols/vendor/extensions/upgrade/public
INFO: Loading mail preferences
=========================================================================
ERROR: Something went wrong while loading mail preferences
       Verify you created a default configuration in admin/configurations
=========================================================================
INFO: Loading routes from /home/paul/Apps/netstores/parasols/vendor/extensions/upgrade/vendor/spree/vendor/extensions/localization/config/routes.rb
INFO: Loading routes from /home/paul/Apps/netstores/parasols/vendor/extensions/upgrade/vendor/spree/vendor/extensions/payment_gateway/config/routes.rb
INFO: Mirroring assets from /home/paul/Apps/netstores/parasols/vendor/extensions/upgrade/vendor/spree/vendor/extensions/localization/public to /home/paul/Apps/netstores/parasols/vendor/extensions/upgrade/public
INFO: Loading mail preferences
=========================================================================
ERROR: Something went wrong while loading mail preferences
       Verify you created a default configuration in admin/configurations
=========================================================================
INFO: Loading routes from /home/paul/Apps/netstores/parasols/vendor/extensions/upgrade/vendor/spree/vendor/extensions/localization/config/routes.rb
INFO: Loading routes from /home/paul/Apps/netstores/parasols/vendor/extensions/upgrade/vendor/spree/vendor/extensions/payment_gateway/config/routes.rb
INFO: Mirroring assets from /home/paul/Apps/netstores/parasols/vendor/extensions/upgrade/vendor/spree/vendor/extensions/localization/public to /home/paul/Apps/netstores/parasols/vendor/extensions/upgrade/public
INFO: Loading mail preferences
=========================================================================
ERROR: Something went wrong while loading mail preferences
       Verify you created a default configuration in admin/configurations
=========================================================================
INFO: Loading routes from /home/paul/Apps/netstores/parasols/vendor/extensions/upgrade/vendor/spree/vendor/extensions/localization/config/routes.rb
INFO: Loading routes from /home/paul/Apps/netstores/parasols/vendor/extensions/upgrade/vendor/spree/vendor/extensions/payment_gateway/config/routes.rb
INFO: Mirroring assets from /home/paul/Apps/netstores/parasols/vendor/extensions/upgrade/vendor/spree/vendor/extensions/localization/public to /home/paul/Apps/netstores/parasols/vendor/extensions/upgrade/public
INFO: Mirroring assets from /home/paul/Apps/netstores/parasols/vendor/extensions/upgrade/vendor/spree/vendor/extensions/localization/public to /home/paul/Apps/netstores/parasols/vendor/extensions/upgrade/public
INFO: Loading mail preferences
=========================================================================
ERROR: Something went wrong while loading mail preferences
       Verify you created a default configuration in admin/configurations
=========================================================================
INFO: Loading routes from /home/paul/Apps/netstores/parasols/vendor/extensions/upgrade/vendor/spree/vendor/extensions/localization/config/routes.rb
INFO: Loading routes from /home/paul/Apps/netstores/parasols/vendor/extensions/upgrade/vendor/spree/vendor/extensions/payment_gateway/config/routes.rb
INFO: Mirroring assets from /home/paul/Apps/netstores/parasols/vendor/extensions/upgrade/vendor/spree/vendor/extensions/localization/public to /home/paul/Apps/netstores/parasols/vendor/extensions/upgrade/public
INFO: Mirroring assets from /home/paul/Apps/netstores/parasols/vendor/extensions/upgrade/vendor/spree/vendor/extensions/localization/public to /home/paul/Apps/netstores/parasols/vendor/extensions/upgrade/public
INFO: Mirroring assets from /home/paul/Apps/netstores/parasols/vendor/extensions/upgrade/vendor/spree/vendor/extensions/localization/public to /home/paul/Apps/netstores/parasols/vendor/extensions/upgrade/public
INFO: Mirroring assets from /home/paul/Apps/netstores/parasols/vendor/extensions/upgrade/vendor/spree/vendor/extensions/localization/public to /home/paul/Apps/netstores/parasols/vendor/extensions/upgrade/public
INFO: Mirroring assets from /home/paul/Apps/netstores/parasols/vendor/extensions/upgrade/vendor/spree/vendor/extensions/localization/public to /home/paul/Apps/netstores/parasols/vendor/extensions/upgrade/public
INFO: Loading mail preferences
=========================================================================
ERROR: Something went wrong while loading mail preferences
       Verify you created a default configuration in admin/configurations
=========================================================================
INFO: Loading routes from /home/paul/Apps/netstores/parasols/vendor/extensions/upgrade/vendor/spree/vendor/extensions/localization/config/routes.rb
INFO: Loading routes from /home/paul/Apps/netstores/parasols/vendor/extensions/upgrade/vendor/spree/vendor/extensions/payment_gateway/config/routes.rb
INFO: Mirroring assets from /home/paul/Apps/netstores/parasols/vendor/extensions/upgrade/vendor/spree/vendor/extensions/localization/public to /home/paul/Apps/netstores/parasols/vendor/extensions/upgrade/public
INFO: Loading mail preferences
